<?xml version="1.0" encoding="UTF-8"?>
<!-- Generated by org.testng.reporters.JUnitReportReporter -->
<testsuite skipped="0" hostname="LAPTOP-6I68EKPU" name="com.test.AmazonLoginTest" tests="2" failures="0" timestamp="01 Dec 2022 16:35:56 GMT" time="0.005" errors="0">
  <testcase name="LoginApplication" time="0.000" classname="com.test.AmazonLoginTest"/>
  <testcase name="AddToCart" time="0.005" classname="com.test.AmazonLoginTest"/>
</testsuite> <!-- com.test.AmazonLoginTest -->
